d:\ai\ai_project1\gameai\steering\debug\steering\gamemessage.obj
d:\ai\ai_project1\gameai\steering\debug\steering\gamemessagemanager.obj
d:\ai\ai_project1\gameai\steering\debug\steering\graphicsbuffer.obj
d:\ai\ai_project1\gameai\steering\debug\steering\graphicsbuffermanager.obj
d:\ai\ai_project1\gameai\steering\debug\steering\graphicssystem.obj
d:\ai\ai_project1\gameai\steering\debug\steering\inputmanager.obj
d:\ai\ai_project1\gameai\steering\debug\steering\kinematic.obj
d:\ai\ai_project1\gameai\steering\debug\steering\kinematicarrivesteering.obj
d:\ai\ai_project1\gameai\steering\debug\steering\kinematicseeksteering.obj
d:\ai\ai_project1\gameai\steering\debug\steering\kinematicunit.obj
d:\ai\ai_project1\gameai\steering\debug\steering\kinematicwandersteering.obj
d:\ai\ai_project1\gameai\steering\debug\steering\main.obj
d:\ai\ai_project1\gameai\steering\debug\steering\playermovetomessage.obj
d:\ai\ai_project1\gameai\steering\debug\steering\sprite.obj
d:\ai\ai_project1\gameai\steering\debug\steering\spritemanager.obj
d:\ai\ai_project1\gameai\steering\debug\steering\steering.obj
d:\ai\ai_project1\gameai\steering\debug\steering\unitcreatearrivemessage.obj
d:\ai\ai_project1\gameai\steering\debug\steering\unitcreateseekmessage.obj
d:\ai\ai_project1\gameai\steering\debug\steering\unitdeleterandommessage.obj
d:\ai\ai_project1\gameai\steering\debug\steering\unitmanager.obj
d:\ai\ai_project1\gameai\steering\debug\steering\dynamicarrivesteering.obj
d:\ai\ai_project1\gameai\steering\debug\steering\dynamicseeksteering.obj
d:\ai\ai_project1\gameai\steering\debug\steering\game.obj
d:\ai\ai_project1\gameai\steering\debug\steering\vc141.pdb
d:\ai\ai_project1\gameai\steering\debug\steering.ilk
d:\ai\ai_project1\gameai\steering\debug\steering.exe
d:\ai\ai_project1\gameai\steering\debug\steering.pdb
d:\ai\ai_project1\gameai\steering\debug\steering\vc141.idb
d:\ai\ai_project1\gameai\steering\debug\steering\steering.tlog\cl.command.1.tlog
d:\ai\ai_project1\gameai\steering\debug\steering\steering.tlog\cl.read.1.tlog
d:\ai\ai_project1\gameai\steering\debug\steering\steering.tlog\cl.write.1.tlog
d:\ai\ai_project1\gameai\steering\debug\steering\steering.tlog\link.command.1.tlog
d:\ai\ai_project1\gameai\steering\debug\steering\steering.tlog\link.read.1.tlog
d:\ai\ai_project1\gameai\steering\debug\steering\steering.tlog\link.write.1.tlog
